[GIN-debug] POST   /upload                   --> gateway/server/controllers.CollectRoute.func1 (4 handlers)
[GIN-debug] GET    /ping                     --> gateway/server/controllers.CollectRoute.func2 (4 handlers)
[GIN-debug] GET    /index.html               --> gateway/server/controllers.RootHandle.func1 (4 handlers)
[GIN-debug] PUT    /things/:thingId/properties/:propertyName --> gateway/server/controllers.(*ThingsController).handleSetProperty-fm (4 handlers)
[GIN-debug] POST   /things/                  --> gateway/server/controllers.(*ThingsController).handleCreateThing-fm (4 handlers)
[GIN-debug] GET    /things/                  --> gateway/server/controllers.(*ThingsController).handleGetThings-fm (4 handlers)
[GIN-debug] GET    /things/:thingId          --> gateway/server/controllers.(*ThingsController).handleGetThing-fm (4 handlers)
[GIN-debug] GET    /things/:thingId/properties --> gateway/server/controllers.(*ThingsController).handleGetProperties-fm (4 handlers)
[GIN-debug] GET    /things/:thingId/properties/:propertyName --> gateway/server/controllers.(*ThingsController).handleGetProperty-fm (4 handlers)
[GIN-debug] PUT    /things/:thingId          --> gateway/server/controllers.(*ThingsController).handleSetThing-fm (4 handlers)
[GIN-debug] PATCH  /things/                  --> gateway/server/controllers.(*ThingsController).handlePatchThings-fm (4 handlers)
[GIN-debug] PATCH  /things/:thingId          --> gateway/server/controllers.(*ThingsController).handlePatchThing-fm (4 handlers)
[GIN-debug] DELETE /things/:thingId          --> gateway/server/controllers.(*ThingsController).handleDeleteThing-fm (4 handlers)
[GIN-debug] GET    /new_things               --> gateway/server/controllers.(*NewThingsController).HandleWebsocket-fm (4 handlers)
[GIN-debug] GET    /addons/                  --> gateway/server/controllers.(*AddonController).handlerGetAddons-fm (4 handlers)
[GIN-debug] POST   /addons/                  --> gateway/server/controllers.(*AddonController).handlerInstallAddon-fm (4 handlers)
[GIN-debug] PUT    /addons/:addon_id         --> gateway/server/controllers.(*AddonController).handlerSetAddon-fm (4 handlers)
[GIN-debug] GET    /addons/:addon_id/config  --> gateway/server/controllers.(*AddonController).HandlerGetAddonConfig-fm (4 handlers)
[GIN-debug] PUT    /addons/:addon_id/config  --> gateway/server/controllers.(*AddonController).HandlerSetAddonConfig-fm (4 handlers)
[GIN-debug] GET    /settings/addonsInfo      --> gateway/server/controllers.(*SettingsController).handleGetAddonsInfo-fm (4 handlers)
[GIN-debug] POST   /actions/                 --> gateway/server/controllers.(*ActionsController).HandleActions-fm (4 handlers)
[GIN-debug] DELETE /actions/:actionName/:actionId --> gateway/server/controllers.(*ActionsController).HandleDeleteAction-fm (4 handlers)
[GIN-debug] Listening and serving HTTP on :9090
