[GIN-debug] Loaded HTML Templates (2): 
	- 
	- index.html

[GIN-debug] GET    /_assets/*filepath        --> github.com/gin-gonic/gin.(*RouterGroup).createStaticHandler.func1 (3 handlers)
[GIN-debug] HEAD   /_assets/*filepath        --> github.com/gin-gonic/gin.(*RouterGroup).createStaticHandler.func1 (3 handlers)
[GIN-debug] POST   /upload                   --> gateway/app.CollectRoute.func1 (3 handlers)
[GIN-debug] GET    /                         --> gateway/app/controllers.RootHandle.func1 (3 handlers)
[GIN-debug] GET    /index.html               --> gateway/app/controllers.RootHandle.func1 (3 handlers)
[GIN-debug] POST   /things/                  --> gateway/app/controllers.(*ThingsController).HandleCreateThing-fm (3 handlers)
[GIN-debug] GET    /things/                  --> gateway/app/controllers.(*ThingsController).HandleGetThings-fm (3 handlers)
[GIN-debug] GET    /things/:thingId          --> gateway/app/controllers.(*ThingsController).HandleGetThing-fm (3 handlers)
[GIN-debug] GET    /things/:thingId/properties --> gateway/app/controllers.(*ThingsController).HandleGetProperties-fm (3 handlers)
[GIN-debug] GET    /things/:thingId/properties/:propertyName --> gateway/app/controllers.(*ThingsController).HandleGetProperty-fm (3 handlers)
[GIN-debug] PUT    /things/:thingId/properties/:propertyName --> gateway/app/controllers.(*ThingsController).HandleSetProperty-fm (3 handlers)
[GIN-debug] PUT    /things/:thingId          --> gateway/app/controllers.(*ThingsController).HandleSetThing-fm (3 handlers)
[GIN-debug] PATCH  /things/                  --> gateway/app/controllers.(*ThingsController).HandlePatchThings-fm (3 handlers)
[GIN-debug] PATCH  /things/:thingId          --> gateway/app/controllers.(*ThingsController).HandlePatchThing-fm (3 handlers)
[GIN-debug] DELETE /things/:thingId          --> gateway/app/controllers.(*ThingsController).HandleDeleteThing-fm (3 handlers)
[GIN-debug] GET    /addons/                  --> gateway/app/controllers.(*AddonController).HandlerGetInstalledAddons-fm (3 handlers)
[GIN-debug] GET    /debug/                   -->  (3 handlers)
[GIN-debug] Listening and serving HTTP on :9090
